2025-05-15 21:26:32.503 [info] Extension host with pid 585 started
2025-05-15 21:26:32.571 [info] ExtensionService#_doActivateExtension vscode.emmet, startup: false, activationEvent: 'onLanguage'
2025-05-15 21:26:32.580 [info] Lock '/home/almir/.vscode-server/data/User/workspaceStorage/ae77aa6b2dfa95993ecd2e610c810a17/vscode.lock': Lock acquired.
2025-05-15 21:26:32.701 [info] ExtensionService#_doActivateExtension vscode.git-base, startup: true, activationEvent: '*', root cause: vscode.git
2025-05-15 21:26:32.840 [info] ExtensionService#_doActivateExtension vscode.git, startup: true, activationEvent: '*'
2025-05-15 21:26:32.840 [info] ExtensionService#_doActivateExtension vscode.github, startup: true, activationEvent: '*'
2025-05-15 21:26:33.109 [info] Eager extensions activated
2025-05-15 21:26:33.109 [info] ExtensionService#_doActivateExtension vscode.debug-auto-launch, startup: false, activationEvent: 'onStartupFinished'
2025-05-15 21:26:33.110 [info] ExtensionService#_doActivateExtension vscode.merge-conflict, startup: false, activationEvent: 'onStartupFinished'
2025-05-15 21:26:33.148 [info] ExtensionService#_doActivateExtension GitHub.vscode-pull-request-github, startup: false, activationEvent: 'onStartupFinished'
2025-05-15 21:32:21.728 [info] ExtensionService#_doActivateExtension vscode.configuration-editing, startup: false, activationEvent: 'onLanguage:jsonc'
2025-05-15 21:32:21.728 [info] ExtensionService#_doActivateExtension vscode.json-language-features, startup: false, activationEvent: 'onLanguage:jsonc'
2025-05-15 21:32:21.729 [info] ExtensionService#_doActivateExtension vscode.typescript-language-features, startup: false, activationEvent: 'onLanguage:jsonc'
2025-05-15 21:32:44.709 [info] ExtensionService#_doActivateExtension vscode.debug-server-ready, startup: false, activationEvent: 'onDebugResolve'
2025-05-15 21:33:08.273 [info] ExtensionService#_doActivateExtension ms-python.python, startup: false, activationEvent: 'onLanguage:python', root cause: ms-python.debugpy
2025-05-15 21:33:08.764 [info] ExtensionService#_doActivateExtension ms-python.debugpy, startup: false, activationEvent: 'onLanguage:python'
2025-05-15 21:33:08.765 [info] ExtensionService#_doActivateExtension ms-python.vscode-pylance, startup: false, activationEvent: 'onLanguage:python'
2025-05-15 21:35:20.136 [info] ExtensionService#_doActivateExtension vscode.npm, startup: false, activationEvent: 'onTerminalQuickFixRequest:ms-vscode.npm-command'
2025-05-15 21:52:53.326 [info] Extension host terminating: received terminate message from renderer
2025-05-15 21:52:53.328 [info] Lock '/home/almir/.vscode-server/data/User/workspaceStorage/ae77aa6b2dfa95993ecd2e610c810a17/vscode.lock': Marking the lockfile as scheduled to be released in 6000 ms.
2025-05-15 21:52:53.450 [info] Extension host with pid 585 exiting with code 0
