2025-05-20 18:37:59.652 [info] O experimento 'pythonRecommendTensorboardExt' está ativo
2025-05-20 18:37:59.652 [info] O experimento 'pythonTerminalEnvVarActivation' está ativo
2025-05-20 18:37:59.652 [info] Native locator: Refresh started
2025-05-20 18:37:59.674 [info] > pyenv which python
2025-05-20 18:37:59.674 [info] cwd: .
2025-05-20 18:37:59.679 [info] Caminho do interpretador Python: /usr/bin/python3
2025-05-20 18:38:02.374 [info] Iniciando servidor de idiomas Pylance.
2025-05-20 18:38:08.006 [info] Native locator: Refresh finished in 9215 ms
2025-05-20 18:53:39.226 [info] Caminho do interpretador Python: /bin/python3
2025-05-20 18:53:41.334 [info] Discover tests for workspace name: escoladanuvem - uri: /home/almir/escoladanuvem/calcula_volume_caixa.py
2025-05-20 18:53:42.921 [info] CreateEnv Trigger - Skipping for /home/almir/escoladanuvem/calcula_volume_caixa.py
2025-05-20 18:54:04.300 [info] Discover tests for workspace name: escoladanuvem - uri: /home/almir/escoladanuvem/calcula_volume_caixa.py
2025-05-20 18:54:11.364 [info] Discover tests for workspace name: escoladanuvem - uri: /home/almir/escoladanuvem/calcula_volume_caixa.py
2025-05-20 18:54:18.024 [info] Discover tests for workspace name: escoladanuvem - uri: /home/almir/escoladanuvem/calcula_volume_caixa.py
2025-05-20 18:54:19.744 [info] Discover tests for workspace name: escoladanuvem - uri: /home/almir/escoladanuvem/calcula_volume_caixa.py
2025-05-20 18:57:38.481 [info] Discover tests for workspace name: escoladanuvem - uri: /home/almir/escoladanuvem/calcula_cadeira.py
2025-05-20 18:57:44.113 [info] Discover tests for workspace name: escoladanuvem - uri: /home/almir/escoladanuvem/calcula_cadeira.py
2025-05-20 19:41:31.037 [info] Discover tests for workspace name: escoladanuvem - uri: /home/almir/escoladanuvem/pratica-01/calcula_diferenca.py
2025-05-20 19:52:48.804 [info] Discover tests for workspace name: escoladanuvem - uri: /home/almir/escoladanuvem/pratica-02/conversor_moeda.py
2025-05-20 19:52:51.200 [info] Discover tests for workspace name: escoladanuvem - uri: /home/almir/escoladanuvem/pratica-02/conversor_moeda.py
2025-05-20 19:52:53.390 [info] Discover tests for workspace name: escoladanuvem - uri: /home/almir/escoladanuvem/pratica-02/conversor_moeda.py
2025-05-20 19:52:56.189 [info] Discover tests for workspace name: escoladanuvem - uri: /home/almir/escoladanuvem/pratica-02/conversor_moeda.py
2025-05-20 19:53:09.007 [info] Discover tests for workspace name: escoladanuvem - uri: /home/almir/escoladanuvem/pratica-02/conversor_moeda.py
2025-05-20 19:53:39.995 [info] Discover tests for workspace name: escoladanuvem - uri: /home/almir/escoladanuvem/pratica-02/conversor_moeda.py
2025-05-20 19:53:41.786 [info] Discover tests for workspace name: escoladanuvem - uri: /home/almir/escoladanuvem/pratica-02/conversor_moeda.py
2025-05-20 19:53:44.179 [info] Discover tests for workspace name: escoladanuvem - uri: /home/almir/escoladanuvem/pratica-02/conversor_moeda.py
2025-05-20 19:53:45.720 [info] Discover tests for workspace name: escoladanuvem - uri: /home/almir/escoladanuvem/pratica-02/conversor_moeda.py
2025-05-20 19:53:53.579 [info] Discover tests for workspace name: escoladanuvem - uri: /home/almir/escoladanuvem/pratica-02/conversor_moeda.py
2025-05-20 19:53:55.488 [info] Discover tests for workspace name: escoladanuvem - uri: /home/almir/escoladanuvem/pratica-02/conversor_moeda.py
2025-05-20 19:53:59.022 [info] Discover tests for workspace name: escoladanuvem - uri: /home/almir/escoladanuvem/pratica-02/conversor_moeda.py
2025-05-20 19:57:41.464 [info] Discover tests for workspace name: escoladanuvem - uri: /home/almir/escoladanuvem/pratica-02/conversor_moeda.py
2025-05-20 19:57:44.799 [info] Discover tests for workspace name: escoladanuvem - uri: /home/almir/escoladanuvem/pratica-02/conversor_moeda.py
2025-05-20 19:57:47.917 [info] Discover tests for workspace name: escoladanuvem - uri: /home/almir/escoladanuvem/pratica-02/conversor_moeda.py
2025-05-20 19:57:50.121 [info] Discover tests for workspace name: escoladanuvem - uri: /home/almir/escoladanuvem/pratica-02/conversor_moeda.py
2025-05-20 19:57:54.522 [info] Discover tests for workspace name: escoladanuvem - uri: /home/almir/escoladanuvem/pratica-02/conversor_moeda.py
2025-05-20 19:57:56.794 [info] Discover tests for workspace name: escoladanuvem - uri: /home/almir/escoladanuvem/pratica-02/conversor_moeda.py
2025-05-20 19:58:01.919 [info] Discover tests for workspace name: escoladanuvem - uri: /home/almir/escoladanuvem/pratica-02/conversor_moeda.py
2025-05-20 19:58:06.479 [info] Discover tests for workspace name: escoladanuvem - uri: /home/almir/escoladanuvem/pratica-02/conversor_moeda.py
2025-05-20 19:58:08.995 [info] Discover tests for workspace name: escoladanuvem - uri: /home/almir/escoladanuvem/pratica-02/conversor_moeda.py
2025-05-20 19:58:11.698 [info] Discover tests for workspace name: escoladanuvem - uri: /home/almir/escoladanuvem/pratica-02/conversor_moeda.py
2025-05-20 19:58:13.528 [info] Discover tests for workspace name: escoladanuvem - uri: /home/almir/escoladanuvem/pratica-02/conversor_moeda.py
2025-05-20 19:58:15.262 [info] Discover tests for workspace name: escoladanuvem - uri: /home/almir/escoladanuvem/pratica-02/conversor_moeda.py
2025-05-20 20:00:09.213 [info] Discover tests for workspace name: escoladanuvem - uri: /home/almir/escoladanuvem/pratica-02/conversor_moeda.py
2025-05-20 20:00:12.691 [info] Discover tests for workspace name: escoladanuvem - uri: /home/almir/escoladanuvem/pratica-02/conversor_moeda.py
2025-05-20 20:00:16.818 [info] Discover tests for workspace name: escoladanuvem - uri: /home/almir/escoladanuvem/pratica-02/conversor_moeda.py
2025-05-20 20:00:19.229 [info] Discover tests for workspace name: escoladanuvem - uri: /home/almir/escoladanuvem/pratica-02/conversor_moeda.py
2025-05-20 20:00:21.799 [info] Discover tests for workspace name: escoladanuvem - uri: /home/almir/escoladanuvem/pratica-02/conversor_moeda.py
2025-05-20 20:00:23.848 [info] Discover tests for workspace name: escoladanuvem - uri: /home/almir/escoladanuvem/pratica-02/conversor_moeda.py
2025-05-20 20:00:24.947 [info] Discover tests for workspace name: escoladanuvem - uri: /home/almir/escoladanuvem/pratica-02/conversor_moeda.py
2025-05-20 20:00:29.902 [info] Discover tests for workspace name: escoladanuvem - uri: /home/almir/escoladanuvem/pratica-02/conversor_moeda.py
2025-05-20 20:00:31.982 [info] Discover tests for workspace name: escoladanuvem - uri: /home/almir/escoladanuvem/pratica-02/conversor_moeda.py
2025-05-20 20:00:38.422 [info] Discover tests for workspace name: escoladanuvem - uri: /home/almir/escoladanuvem/pratica-02/conversor_moeda.py
2025-05-20 20:00:44.666 [info] Discover tests for workspace name: escoladanuvem - uri: /home/almir/escoladanuvem/pratica-02/conversor_moeda.py
2025-05-20 20:00:45.759 [info] Discover tests for workspace name: escoladanuvem - uri: /home/almir/escoladanuvem/pratica-02/conversor_moeda.py
2025-05-20 20:00:46.806 [info] Discover tests for workspace name: escoladanuvem - uri: /home/almir/escoladanuvem/pratica-02/conversor_moeda.py
2025-05-20 20:00:48.750 [info] Discover tests for workspace name: escoladanuvem - uri: /home/almir/escoladanuvem/pratica-02/conversor_moeda.py
2025-05-20 20:00:52.318 [info] Discover tests for workspace name: escoladanuvem - uri: /home/almir/escoladanuvem/pratica-02/conversor_moeda.py
2025-05-20 20:00:54.276 [info] Discover tests for workspace name: escoladanuvem - uri: /home/almir/escoladanuvem/pratica-02/conversor_moeda.py
2025-05-20 20:02:27.204 [info] Discover tests for workspace name: escoladanuvem - uri: /home/almir/escoladanuvem/pratica-02/conversor_moeda.py
2025-05-20 20:02:29.748 [info] Discover tests for workspace name: escoladanuvem - uri: /home/almir/escoladanuvem/pratica-02/conversor_moeda.py
2025-05-20 20:02:33.819 [info] Discover tests for workspace name: escoladanuvem - uri: /home/almir/escoladanuvem/pratica-02/conversor_moeda.py
2025-05-20 20:02:35.767 [info] Discover tests for workspace name: escoladanuvem - uri: /home/almir/escoladanuvem/pratica-02/conversor_moeda.py
2025-05-20 20:02:39.243 [info] Discover tests for workspace name: escoladanuvem - uri: /home/almir/escoladanuvem/pratica-02/conversor_moeda.py
2025-05-20 20:02:41.481 [info] Discover tests for workspace name: escoladanuvem - uri: /home/almir/escoladanuvem/pratica-02/conversor_moeda.py
2025-05-20 20:02:42.874 [info] Discover tests for workspace name: escoladanuvem - uri: /home/almir/escoladanuvem/pratica-02/conversor_moeda.py
2025-05-20 20:04:43.601 [info] Discover tests for workspace name: escoladanuvem - uri: /home/almir/escoladanuvem/pratica-02/conversor_moeda.py
2025-05-20 20:04:51.138 [info] Discover tests for workspace name: escoladanuvem - uri: /home/almir/escoladanuvem/pratica-02/conversor_moeda.py
2025-05-20 20:04:54.878 [info] Discover tests for workspace name: escoladanuvem - uri: /home/almir/escoladanuvem/pratica-02/conversor_moeda.py
2025-05-20 20:04:57.531 [info] Discover tests for workspace name: escoladanuvem - uri: /home/almir/escoladanuvem/pratica-02/conversor_moeda.py
2025-05-20 20:05:01.264 [info] Discover tests for workspace name: escoladanuvem - uri: /home/almir/escoladanuvem/pratica-02/conversor_moeda.py
2025-05-20 20:05:02.626 [info] Discover tests for workspace name: escoladanuvem - uri: /home/almir/escoladanuvem/pratica-02/conversor_moeda.py
2025-05-20 20:05:09.821 [info] Discover tests for workspace name: escoladanuvem - uri: /home/almir/escoladanuvem/pratica-02/conversor_moeda.py
2025-05-20 20:05:12.714 [info] Discover tests for workspace name: escoladanuvem - uri: /home/almir/escoladanuvem/pratica-02/conversor_moeda.py
2025-05-20 20:05:18.780 [info] Discover tests for workspace name: escoladanuvem - uri: /home/almir/escoladanuvem/pratica-02/conversor_moeda.py
2025-05-20 20:06:09.178 [info] Discover tests for workspace name: escoladanuvem - uri: /home/almir/escoladanuvem/pratica-02/conversor_moeda.py
2025-05-20 20:06:10.451 [info] Discover tests for workspace name: escoladanuvem - uri: /home/almir/escoladanuvem/pratica-02/conversor_moeda.py
2025-05-20 20:06:11.801 [info] Discover tests for workspace name: escoladanuvem - uri: /home/almir/escoladanuvem/pratica-02/conversor_moeda.py
2025-05-20 20:06:16.631 [info] Discover tests for workspace name: escoladanuvem - uri: /home/almir/escoladanuvem/pratica-02/conversor_moeda.py
2025-05-20 20:06:28.750 [info] Discover tests for workspace name: escoladanuvem - uri: /home/almir/escoladanuvem/pratica-02/conversor_moeda.py
2025-05-20 20:06:32.511 [info] Discover tests for workspace name: escoladanuvem - uri: /home/almir/escoladanuvem/pratica-02/conversor_moeda.py
2025-05-20 20:06:49.967 [info] Discover tests for workspace name: escoladanuvem - uri: /home/almir/escoladanuvem/pratica-02/conversor_moeda.py
2025-05-20 20:06:58.167 [info] Discover tests for workspace name: escoladanuvem - uri: /home/almir/escoladanuvem/pratica-02/conversor_moeda.py
2025-05-20 20:06:59.987 [info] Discover tests for workspace name: escoladanuvem - uri: /home/almir/escoladanuvem/pratica-02/conversor_moeda.py
2025-05-20 20:07:03.437 [info] Discover tests for workspace name: escoladanuvem - uri: /home/almir/escoladanuvem/pratica-02/conversor_moeda.py
2025-05-20 20:07:08.422 [info] Discover tests for workspace name: escoladanuvem - uri: /home/almir/escoladanuvem/pratica-02/conversor_moeda.py
2025-05-20 20:07:53.773 [info] Discover tests for workspace name: escoladanuvem - uri: /home/almir/escoladanuvem/pratica-02/conversor_moeda.py
2025-05-20 20:07:56.189 [info] Discover tests for workspace name: escoladanuvem - uri: /home/almir/escoladanuvem/pratica-02/conversor_moeda.py
2025-05-20 20:08:07.622 [info] Discover tests for workspace name: escoladanuvem - uri: /home/almir/escoladanuvem/pratica-02/conversor_moeda.py
2025-05-20 20:08:16.001 [info] Discover tests for workspace name: escoladanuvem - uri: /home/almir/escoladanuvem/pratica-02/conversor_moeda.py
2025-05-20 20:08:22.296 [info] Discover tests for workspace name: escoladanuvem - uri: /home/almir/escoladanuvem/pratica-02/conversor_moeda.py
2025-05-20 20:08:25.199 [info] Discover tests for workspace name: escoladanuvem - uri: /home/almir/escoladanuvem/pratica-02/conversor_moeda.py
2025-05-20 20:08:26.503 [info] Discover tests for workspace name: escoladanuvem - uri: /home/almir/escoladanuvem/pratica-02/conversor_moeda.py
2025-05-20 20:08:47.487 [info] Discover tests for workspace name: escoladanuvem - uri: /home/almir/escoladanuvem/pratica-02/conversor_moeda.py
2025-05-20 20:09:10.613 [info] Discover tests for workspace name: escoladanuvem - uri: /home/almir/escoladanuvem/pratica-02/conversor_moeda.py
2025-05-20 20:09:17.274 [info] Discover tests for workspace name: escoladanuvem - uri: /home/almir/escoladanuvem/pratica-02/conversor_moeda.py
2025-05-20 20:25:14.943 [info] Discover tests for workspace name: escoladanuvem - uri: /home/almir/escoladanuvem/pratica-02/calculadora_desconto.py
2025-05-20 20:25:23.162 [info] Discover tests for workspace name: escoladanuvem - uri: /home/almir/escoladanuvem/pratica-02/calculadora_desconto.py
2025-05-20 20:25:29.491 [info] Discover tests for workspace name: escoladanuvem - uri: /home/almir/escoladanuvem/pratica-02/calculadora_desconto.py
2025-05-20 20:25:30.571 [info] Discover tests for workspace name: escoladanuvem - uri: /home/almir/escoladanuvem/pratica-02/calculadora_desconto.py
2025-05-20 20:25:35.038 [info] Discover tests for workspace name: escoladanuvem - uri: /home/almir/escoladanuvem/pratica-02/calculadora_desconto.py
2025-05-20 20:25:36.510 [info] Discover tests for workspace name: escoladanuvem - uri: /home/almir/escoladanuvem/pratica-02/calculadora_desconto.py
2025-05-20 20:25:40.136 [info] Discover tests for workspace name: escoladanuvem - uri: /home/almir/escoladanuvem/pratica-02/calculadora_desconto.py
2025-05-20 20:25:42.279 [info] Discover tests for workspace name: escoladanuvem - uri: /home/almir/escoladanuvem/pratica-02/calculadora_desconto.py
2025-05-20 20:26:10.922 [info] Discover tests for workspace name: escoladanuvem - uri: /home/almir/escoladanuvem/pratica-02/calculadora_desconto.py
2025-05-20 20:26:33.335 [info] Discover tests for workspace name: escoladanuvem - uri: /home/almir/escoladanuvem/pratica-02/calculadora_desconto.py
2025-05-20 20:26:38.324 [info] Discover tests for workspace name: escoladanuvem - uri: /home/almir/escoladanuvem/pratica-02/calculadora_desconto.py
2025-05-20 20:27:46.303 [info] Discover tests for workspace name: escoladanuvem - uri: /home/almir/escoladanuvem/pratica-02/calculadora_desconto.py
2025-05-20 20:27:49.811 [info] Discover tests for workspace name: escoladanuvem - uri: /home/almir/escoladanuvem/pratica-02/calculadora_desconto.py
2025-05-20 20:27:54.223 [info] Discover tests for workspace name: escoladanuvem - uri: /home/almir/escoladanuvem/pratica-02/calculadora_desconto.py
2025-05-20 20:27:58.133 [info] Discover tests for workspace name: escoladanuvem - uri: /home/almir/escoladanuvem/pratica-02/calculadora_desconto.py
2025-05-20 20:27:59.405 [info] Discover tests for workspace name: escoladanuvem - uri: /home/almir/escoladanuvem/pratica-02/calculadora_desconto.py
2025-05-20 20:28:02.171 [info] Discover tests for workspace name: escoladanuvem - uri: /home/almir/escoladanuvem/pratica-02/calculadora_desconto.py
2025-05-20 20:28:04.841 [info] Discover tests for workspace name: escoladanuvem - uri: /home/almir/escoladanuvem/pratica-02/calculadora_desconto.py
2025-05-20 20:28:13.376 [info] Discover tests for workspace name: escoladanuvem - uri: /home/almir/escoladanuvem/pratica-02/calculadora_desconto.py
2025-05-20 20:28:26.148 [info] Discover tests for workspace name: escoladanuvem - uri: /home/almir/escoladanuvem/pratica-02/calculadora_desconto.py
2025-05-20 20:28:31.946 [info] Discover tests for workspace name: escoladanuvem - uri: /home/almir/escoladanuvem/pratica-02/calculadora_desconto.py
2025-05-20 20:28:37.615 [info] Discover tests for workspace name: escoladanuvem - uri: /home/almir/escoladanuvem/pratica-02/calculadora_desconto.py
2025-05-20 20:28:41.812 [info] Discover tests for workspace name: escoladanuvem - uri: /home/almir/escoladanuvem/pratica-02/calculadora_desconto.py
2025-05-20 20:29:03.593 [info] Discover tests for workspace name: escoladanuvem - uri: /home/almir/escoladanuvem/pratica-02/calculadora_desconto.py
2025-05-20 20:29:10.606 [info] Discover tests for workspace name: escoladanuvem - uri: /home/almir/escoladanuvem/pratica-02/calculadora_desconto.py
2025-05-20 20:29:12.177 [info] Discover tests for workspace name: escoladanuvem - uri: /home/almir/escoladanuvem/pratica-02/calculadora_desconto.py
2025-05-20 20:29:13.307 [info] Discover tests for workspace name: escoladanuvem - uri: /home/almir/escoladanuvem/pratica-02/calculadora_desconto.py
2025-05-20 20:29:16.736 [info] Discover tests for workspace name: escoladanuvem - uri: /home/almir/escoladanuvem/pratica-02/calculadora_desconto.py
2025-05-20 20:29:17.773 [info] Discover tests for workspace name: escoladanuvem - uri: /home/almir/escoladanuvem/pratica-02/calculadora_desconto.py
2025-05-20 20:29:19.863 [info] Discover tests for workspace name: escoladanuvem - uri: /home/almir/escoladanuvem/pratica-02/calculadora_desconto.py
2025-05-20 20:29:22.099 [info] Discover tests for workspace name: escoladanuvem - uri: /home/almir/escoladanuvem/pratica-02/calculadora_desconto.py
2025-05-20 20:29:24.751 [info] Discover tests for workspace name: escoladanuvem - uri: /home/almir/escoladanuvem/pratica-02/calculadora_desconto.py
2025-05-20 20:29:27.522 [info] Discover tests for workspace name: escoladanuvem - uri: /home/almir/escoladanuvem/pratica-02/calculadora_desconto.py
2025-05-20 20:29:30.547 [info] Discover tests for workspace name: escoladanuvem - uri: /home/almir/escoladanuvem/pratica-02/calculadora_desconto.py
2025-05-20 20:29:38.609 [info] Discover tests for workspace name: escoladanuvem - uri: /home/almir/escoladanuvem/pratica-02/calculadora_desconto.py
2025-05-20 20:30:10.558 [info] Discover tests for workspace name: escoladanuvem - uri: /home/almir/escoladanuvem/pratica-02/calculadora_desconto.py
2025-05-20 20:30:12.800 [info] Discover tests for workspace name: escoladanuvem - uri: /home/almir/escoladanuvem/pratica-02/calculadora_desconto.py
2025-05-20 20:30:14.516 [info] Discover tests for workspace name: escoladanuvem - uri: /home/almir/escoladanuvem/pratica-02/calculadora_desconto.py
2025-05-20 20:30:18.520 [info] Discover tests for workspace name: escoladanuvem - uri: /home/almir/escoladanuvem/pratica-02/calculadora_desconto.py
2025-05-20 20:31:01.724 [info] Discover tests for workspace name: escoladanuvem - uri: /home/almir/escoladanuvem/pratica-02/calculadora_desconto.py
2025-05-20 20:31:03.767 [info] Discover tests for workspace name: escoladanuvem - uri: /home/almir/escoladanuvem/pratica-02/calculadora_desconto.py
2025-05-20 20:31:06.543 [info] Discover tests for workspace name: escoladanuvem - uri: /home/almir/escoladanuvem/pratica-02/calculadora_desconto.py
2025-05-20 20:31:12.429 [info] Discover tests for workspace name: escoladanuvem - uri: /home/almir/escoladanuvem/pratica-02/calculadora_desconto.py
2025-05-20 20:31:28.739 [info] Discover tests for workspace name: escoladanuvem - uri: /home/almir/escoladanuvem/pratica-02/calculadora_desconto.py
2025-05-20 20:31:31.705 [info] Discover tests for workspace name: escoladanuvem - uri: /home/almir/escoladanuvem/pratica-02/calculadora_desconto.py
2025-05-20 20:31:35.391 [info] Discover tests for workspace name: escoladanuvem - uri: /home/almir/escoladanuvem/pratica-02/calculadora_desconto.py
2025-05-20 20:35:17.399 [info] Discover tests for workspace name: escoladanuvem - uri: /home/almir/escoladanuvem/pratica-02/calculadora_desconto.py
2025-05-20 20:35:18.768 [info] Discover tests for workspace name: escoladanuvem - uri: /home/almir/escoladanuvem/pratica-02/calculadora_desconto.py
2025-05-20 20:35:20.326 [info] Discover tests for workspace name: escoladanuvem - uri: /home/almir/escoladanuvem/pratica-02/calculadora_desconto.py
2025-05-20 20:35:23.706 [info] Discover tests for workspace name: escoladanuvem - uri: /home/almir/escoladanuvem/pratica-02/calculadora_desconto.py
2025-05-20 20:35:25.826 [info] Discover tests for workspace name: escoladanuvem - uri: /home/almir/escoladanuvem/pratica-02/calculadora_desconto.py
2025-05-20 20:35:26.847 [info] Discover tests for workspace name: escoladanuvem - uri: /home/almir/escoladanuvem/pratica-02/calculadora_desconto.py
2025-05-20 20:35:29.001 [info] Discover tests for workspace name: escoladanuvem - uri: /home/almir/escoladanuvem/pratica-02/calculadora_desconto.py
2025-05-20 20:35:32.322 [info] Discover tests for workspace name: escoladanuvem - uri: /home/almir/escoladanuvem/pratica-02/calculadora_desconto.py
2025-05-20 20:35:36.931 [info] Discover tests for workspace name: escoladanuvem - uri: /home/almir/escoladanuvem/pratica-02/calculadora_desconto.py
2025-05-20 20:35:44.019 [info] Discover tests for workspace name: escoladanuvem - uri: /home/almir/escoladanuvem/pratica-02/calculadora_desconto.py
2025-05-20 20:35:52.420 [info] Discover tests for workspace name: escoladanuvem - uri: /home/almir/escoladanuvem/pratica-02/calculadora_desconto.py
2025-05-20 20:35:54.249 [info] Discover tests for workspace name: escoladanuvem - uri: /home/almir/escoladanuvem/pratica-02/calculadora_desconto.py
2025-05-20 20:35:58.532 [info] Discover tests for workspace name: escoladanuvem - uri: /home/almir/escoladanuvem/pratica-02/calculadora_desconto.py
2025-05-20 20:36:00.760 [info] Discover tests for workspace name: escoladanuvem - uri: /home/almir/escoladanuvem/pratica-02/calculadora_desconto.py
2025-05-20 20:36:06.047 [info] Discover tests for workspace name: escoladanuvem - uri: /home/almir/escoladanuvem/pratica-02/calculadora_desconto.py
2025-05-20 20:36:07.419 [info] Discover tests for workspace name: escoladanuvem - uri: /home/almir/escoladanuvem/pratica-02/calculadora_desconto.py
2025-05-20 20:36:09.662 [info] Discover tests for workspace name: escoladanuvem - uri: /home/almir/escoladanuvem/pratica-02/calculadora_desconto.py
2025-05-20 20:36:11.780 [info] Discover tests for workspace name: escoladanuvem - uri: /home/almir/escoladanuvem/pratica-02/calculadora_desconto.py
2025-05-20 20:36:13.322 [info] Discover tests for workspace name: escoladanuvem - uri: /home/almir/escoladanuvem/pratica-02/calculadora_desconto.py
2025-05-20 20:36:17.317 [info] Discover tests for workspace name: escoladanuvem - uri: /home/almir/escoladanuvem/pratica-02/calculadora_desconto.py
2025-05-20 20:36:20.161 [info] Discover tests for workspace name: escoladanuvem - uri: /home/almir/escoladanuvem/pratica-02/calculadora_desconto.py
2025-05-20 20:36:23.629 [info] Discover tests for workspace name: escoladanuvem - uri: /home/almir/escoladanuvem/pratica-02/calculadora_desconto.py
2025-05-20 20:36:24.702 [info] Discover tests for workspace name: escoladanuvem - uri: /home/almir/escoladanuvem/pratica-02/calculadora_desconto.py
2025-05-20 20:36:32.265 [info] Discover tests for workspace name: escoladanuvem - uri: /home/almir/escoladanuvem/pratica-02/calculadora_desconto.py
2025-05-20 20:36:35.731 [info] Discover tests for workspace name: escoladanuvem - uri: /home/almir/escoladanuvem/pratica-02/calculadora_desconto.py
2025-05-20 20:36:39.886 [info] Discover tests for workspace name: escoladanuvem - uri: /home/almir/escoladanuvem/pratica-02/calculadora_desconto.py
2025-05-20 20:36:43.432 [info] Discover tests for workspace name: escoladanuvem - uri: /home/almir/escoladanuvem/pratica-02/calculadora_desconto.py
2025-05-20 20:36:50.039 [info] Discover tests for workspace name: escoladanuvem - uri: /home/almir/escoladanuvem/pratica-02/calculadora_desconto.py
2025-05-20 20:36:59.143 [info] Discover tests for workspace name: escoladanuvem - uri: /home/almir/escoladanuvem/pratica-02/calculadora_desconto.py
2025-05-20 20:37:01.319 [info] Discover tests for workspace name: escoladanuvem - uri: /home/almir/escoladanuvem/pratica-02/calculadora_desconto.py
2025-05-20 20:37:02.981 [info] Discover tests for workspace name: escoladanuvem - uri: /home/almir/escoladanuvem/pratica-02/calculadora_desconto.py
2025-05-20 20:37:04.263 [info] Discover tests for workspace name: escoladanuvem - uri: /home/almir/escoladanuvem/pratica-02/calculadora_desconto.py
2025-05-20 20:37:07.229 [info] Discover tests for workspace name: escoladanuvem - uri: /home/almir/escoladanuvem/pratica-02/calculadora_desconto.py
2025-05-20 20:37:09.493 [info] Discover tests for workspace name: escoladanuvem - uri: /home/almir/escoladanuvem/pratica-02/calculadora_desconto.py
2025-05-20 20:37:18.606 [info] Discover tests for workspace name: escoladanuvem - uri: /home/almir/escoladanuvem/pratica-02/calculadora_desconto.py
2025-05-20 20:37:26.679 [info] Discover tests for workspace name: escoladanuvem - uri: /home/almir/escoladanuvem/pratica-02/calculadora_desconto.py
2025-05-20 20:37:30.906 [info] Discover tests for workspace name: escoladanuvem - uri: /home/almir/escoladanuvem/pratica-02/calculadora_desconto.py
2025-05-20 20:38:42.158 [info] Discover tests for workspace name: escoladanuvem - uri: /home/almir/escoladanuvem/pratica-02/calculadora_desconto.py
2025-05-20 20:38:49.255 [info] Discover tests for workspace name: escoladanuvem - uri: /home/almir/escoladanuvem/pratica-02/calculadora_desconto.py
2025-05-20 20:38:51.313 [info] Discover tests for workspace name: escoladanuvem - uri: /home/almir/escoladanuvem/pratica-02/calculadora_desconto.py
2025-05-20 20:39:03.319 [info] Discover tests for workspace name: escoladanuvem - uri: /home/almir/escoladanuvem/pratica-02/calculadora_desconto.py
2025-05-20 20:39:07.128 [info] Discover tests for workspace name: escoladanuvem - uri: /home/almir/escoladanuvem/pratica-02/calculadora_desconto.py
2025-05-20 20:39:15.007 [info] Discover tests for workspace name: escoladanuvem - uri: /home/almir/escoladanuvem/pratica-02/calculadora_desconto.py
2025-05-20 20:39:18.492 [info] Discover tests for workspace name: escoladanuvem - uri: /home/almir/escoladanuvem/pratica-02/calculadora_desconto.py
2025-05-20 20:39:21.829 [info] Discover tests for workspace name: escoladanuvem - uri: /home/almir/escoladanuvem/pratica-02/calculadora_desconto.py
2025-05-20 20:39:25.528 [info] Discover tests for workspace name: escoladanuvem - uri: /home/almir/escoladanuvem/pratica-02/calculadora_desconto.py
2025-05-20 20:39:27.754 [info] Discover tests for workspace name: escoladanuvem - uri: /home/almir/escoladanuvem/pratica-02/calculadora_desconto.py
2025-05-20 20:39:32.426 [info] Discover tests for workspace name: escoladanuvem - uri: /home/almir/escoladanuvem/pratica-02/calculadora_desconto.py
2025-05-20 20:39:35.401 [info] Discover tests for workspace name: escoladanuvem - uri: /home/almir/escoladanuvem/pratica-02/calculadora_desconto.py
2025-05-20 20:39:36.736 [info] Discover tests for workspace name: escoladanuvem - uri: /home/almir/escoladanuvem/pratica-02/calculadora_desconto.py
2025-05-20 20:39:46.411 [info] Discover tests for workspace name: escoladanuvem - uri: /home/almir/escoladanuvem/pratica-02/calculadora_desconto.py
2025-05-20 20:40:15.958 [info] Discover tests for workspace name: escoladanuvem - uri: /home/almir/escoladanuvem/pratica-02/calculadora_desconto.py
2025-05-20 20:40:17.894 [info] Discover tests for workspace name: escoladanuvem - uri: /home/almir/escoladanuvem/pratica-02/calculadora_desconto.py
2025-05-20 20:40:26.272 [info] Discover tests for workspace name: escoladanuvem - uri: /home/almir/escoladanuvem/pratica-02/calculadora_desconto.py
2025-05-20 20:40:28.563 [info] Discover tests for workspace name: escoladanuvem - uri: /home/almir/escoladanuvem/pratica-02/calculadora_desconto.py
2025-05-20 20:40:34.614 [info] Discover tests for workspace name: escoladanuvem - uri: /home/almir/escoladanuvem/pratica-02/calculadora_desconto.py
2025-05-20 20:40:41.203 [info] Discover tests for workspace name: escoladanuvem - uri: /home/almir/escoladanuvem/pratica-02/calculadora_desconto.py
2025-05-20 20:40:52.181 [info] Discover tests for workspace name: escoladanuvem - uri: /home/almir/escoladanuvem/pratica-02/calculadora_desconto.py
2025-05-20 20:40:53.222 [info] Discover tests for workspace name: escoladanuvem - uri: /home/almir/escoladanuvem/pratica-02/calculadora_desconto.py
2025-05-20 20:40:56.589 [info] Discover tests for workspace name: escoladanuvem - uri: /home/almir/escoladanuvem/pratica-02/calculadora_desconto.py
2025-05-20 20:41:03.144 [info] Discover tests for workspace name: escoladanuvem - uri: /home/almir/escoladanuvem/pratica-02/calculadora_desconto.py
2025-05-20 20:41:05.285 [info] Discover tests for workspace name: escoladanuvem - uri: /home/almir/escoladanuvem/pratica-02/calculadora_desconto.py
2025-05-20 20:41:10.986 [info] Discover tests for workspace name: escoladanuvem - uri: /home/almir/escoladanuvem/pratica-02/calculadora_desconto.py
2025-05-20 20:42:32.966 [info] Discover tests for workspace name: escoladanuvem - uri: /home/almir/escoladanuvem/pratica-02/calculadora_desconto.py
2025-05-20 20:46:09.510 [info] Discover tests for workspace name: escoladanuvem - uri: /home/almir/escoladanuvem/pratica-02/calculadora_desconto.py
2025-05-20 20:46:36.049 [info] Discover tests for workspace name: escoladanuvem - uri: /home/almir/escoladanuvem/pratica-02/calculadora_desconto.py
2025-05-20 20:46:37.701 [info] Discover tests for workspace name: escoladanuvem - uri: /home/almir/escoladanuvem/pratica-02/calculadora_desconto.py
2025-05-20 20:46:55.288 [info] Discover tests for workspace name: escoladanuvem - uri: /home/almir/escoladanuvem/pratica-02/calculadora_desconto.py
2025-05-20 20:50:29.039 [info] Discover tests for workspace name: escoladanuvem - uri: /home/almir/escoladanuvem/pratica-02/calculadora_media_escolar.py
2025-05-20 20:50:30.505 [info] Discover tests for workspace name: escoladanuvem - uri: /home/almir/escoladanuvem/pratica-02/calculadora_media_escolar.py
2025-05-20 20:50:33.057 [info] Discover tests for workspace name: escoladanuvem - uri: /home/almir/escoladanuvem/pratica-02/calculadora_media_escolar.py
2025-05-20 20:51:03.594 [info] Discover tests for workspace name: escoladanuvem - uri: /home/almir/escoladanuvem/pratica-02/calculadora_media_escolar.py
2025-05-20 20:51:09.567 [info] Discover tests for workspace name: escoladanuvem - uri: /home/almir/escoladanuvem/pratica-02/calculadora_media_escolar.py
2025-05-20 20:51:11.580 [info] Discover tests for workspace name: escoladanuvem - uri: /home/almir/escoladanuvem/pratica-02/calculadora_media_escolar.py
2025-05-20 20:51:51.401 [info] Discover tests for workspace name: escoladanuvem - uri: /home/almir/escoladanuvem/pratica-02/calculadora_media_escolar.py
2025-05-20 20:51:56.059 [info] Discover tests for workspace name: escoladanuvem - uri: /home/almir/escoladanuvem/pratica-02/calculadora_media_escolar.py
2025-05-20 20:54:21.151 [info] Discover tests for workspace name: escoladanuvem - uri: /home/almir/escoladanuvem/pratica-02/calculadora_media_escolar.py
2025-05-20 20:54:24.809 [info] Discover tests for workspace name: escoladanuvem - uri: /home/almir/escoladanuvem/pratica-02/calculadora_media_escolar.py
2025-05-20 20:54:27.022 [info] Discover tests for workspace name: escoladanuvem - uri: /home/almir/escoladanuvem/pratica-02/calculadora_media_escolar.py
2025-05-20 20:54:29.093 [info] Discover tests for workspace name: escoladanuvem - uri: /home/almir/escoladanuvem/pratica-02/calculadora_media_escolar.py
2025-05-20 20:54:34.056 [info] Discover tests for workspace name: escoladanuvem - uri: /home/almir/escoladanuvem/pratica-02/calculadora_media_escolar.py
2025-05-20 20:54:37.596 [info] Discover tests for workspace name: escoladanuvem - uri: /home/almir/escoladanuvem/pratica-02/calculadora_media_escolar.py
2025-05-20 20:54:40.821 [info] Discover tests for workspace name: escoladanuvem - uri: /home/almir/escoladanuvem/pratica-02/calculadora_media_escolar.py
2025-05-20 20:54:49.790 [info] Discover tests for workspace name: escoladanuvem - uri: /home/almir/escoladanuvem/pratica-02/calculadora_media_escolar.py
2025-05-20 20:54:55.383 [info] Discover tests for workspace name: escoladanuvem - uri: /home/almir/escoladanuvem/pratica-02/calculadora_media_escolar.py
2025-05-20 20:55:00.716 [info] Discover tests for workspace name: escoladanuvem - uri: /home/almir/escoladanuvem/pratica-02/calculadora_media_escolar.py
2025-05-20 20:59:08.195 [info] Discover tests for workspace name: escoladanuvem - uri: /home/almir/escoladanuvem/pratica-02/calculadora_media_escolar.py
2025-05-20 20:59:09.362 [info] Discover tests for workspace name: escoladanuvem - uri: /home/almir/escoladanuvem/pratica-02/calculadora_media_escolar.py
2025-05-20 20:59:11.879 [info] Discover tests for workspace name: escoladanuvem - uri: /home/almir/escoladanuvem/pratica-02/calculadora_media_escolar.py
2025-05-20 20:59:14.969 [info] Discover tests for workspace name: escoladanuvem - uri: /home/almir/escoladanuvem/pratica-02/calculadora_media_escolar.py
2025-05-20 20:59:19.366 [info] Discover tests for workspace name: escoladanuvem - uri: /home/almir/escoladanuvem/pratica-02/calculadora_media_escolar.py
2025-05-20 20:59:21.310 [info] Discover tests for workspace name: escoladanuvem - uri: /home/almir/escoladanuvem/pratica-02/calculadora_media_escolar.py
2025-05-20 20:59:27.520 [info] Discover tests for workspace name: escoladanuvem - uri: /home/almir/escoladanuvem/pratica-02/calculadora_media_escolar.py
2025-05-20 20:59:28.843 [info] Discover tests for workspace name: escoladanuvem - uri: /home/almir/escoladanuvem/pratica-02/calculadora_media_escolar.py
2025-05-20 20:59:32.320 [info] Discover tests for workspace name: escoladanuvem - uri: /home/almir/escoladanuvem/pratica-02/calculadora_media_escolar.py
2025-05-20 20:59:35.162 [info] Discover tests for workspace name: escoladanuvem - uri: /home/almir/escoladanuvem/pratica-02/calculadora_media_escolar.py
2025-05-20 20:59:38.365 [info] Discover tests for workspace name: escoladanuvem - uri: /home/almir/escoladanuvem/pratica-02/calculadora_media_escolar.py
2025-05-20 20:59:41.258 [info] Discover tests for workspace name: escoladanuvem - uri: /home/almir/escoladanuvem/pratica-02/calculadora_media_escolar.py
2025-05-20 20:59:45.281 [info] Discover tests for workspace name: escoladanuvem - uri: /home/almir/escoladanuvem/pratica-02/calculadora_media_escolar.py
2025-05-20 20:59:46.558 [info] Discover tests for workspace name: escoladanuvem - uri: /home/almir/escoladanuvem/pratica-02/calculadora_media_escolar.py
2025-05-20 20:59:48.716 [info] Discover tests for workspace name: escoladanuvem - uri: /home/almir/escoladanuvem/pratica-02/calculadora_media_escolar.py
2025-05-20 20:59:51.290 [info] Discover tests for workspace name: escoladanuvem - uri: /home/almir/escoladanuvem/pratica-02/calculadora_media_escolar.py
2025-05-20 20:59:52.697 [info] Discover tests for workspace name: escoladanuvem - uri: /home/almir/escoladanuvem/pratica-02/calculadora_media_escolar.py
2025-05-20 20:59:58.498 [info] Discover tests for workspace name: escoladanuvem - uri: /home/almir/escoladanuvem/pratica-02/calculadora_media_escolar.py
2025-05-20 21:00:01.918 [info] Discover tests for workspace name: escoladanuvem - uri: /home/almir/escoladanuvem/pratica-02/calculadora_media_escolar.py
2025-05-20 21:00:05.773 [info] Discover tests for workspace name: escoladanuvem - uri: /home/almir/escoladanuvem/pratica-02/calculadora_media_escolar.py
2025-05-20 21:00:07.477 [info] Discover tests for workspace name: escoladanuvem - uri: /home/almir/escoladanuvem/pratica-02/calculadora_media_escolar.py
2025-05-20 21:00:10.553 [info] Discover tests for workspace name: escoladanuvem - uri: /home/almir/escoladanuvem/pratica-02/calculadora_media_escolar.py
2025-05-20 21:00:12.855 [info] Discover tests for workspace name: escoladanuvem - uri: /home/almir/escoladanuvem/pratica-02/calculadora_media_escolar.py
2025-05-20 21:00:15.578 [info] Discover tests for workspace name: escoladanuvem - uri: /home/almir/escoladanuvem/pratica-02/calculadora_media_escolar.py
2025-05-20 21:00:48.486 [info] Discover tests for workspace name: escoladanuvem - uri: /home/almir/escoladanuvem/pratica-02/calculadora_media_escolar.py
2025-05-20 21:00:51.071 [info] Discover tests for workspace name: escoladanuvem - uri: /home/almir/escoladanuvem/pratica-02/calculadora_media_escolar.py
2025-05-20 21:01:01.593 [info] Discover tests for workspace name: escoladanuvem - uri: /home/almir/escoladanuvem/pratica-02/calculadora_media_escolar.py
2025-05-20 21:01:05.595 [info] Discover tests for workspace name: escoladanuvem - uri: /home/almir/escoladanuvem/pratica-02/calculadora_media_escolar.py
2025-05-20 21:01:30.960 [info] Discover tests for workspace name: escoladanuvem - uri: /home/almir/escoladanuvem/pratica-02/calculadora_media_escolar.py
2025-05-20 21:01:48.723 [info] Discover tests for workspace name: escoladanuvem - uri: /home/almir/escoladanuvem/pratica-02/calculadora_media_escolar.py
2025-05-20 21:01:54.458 [info] Discover tests for workspace name: escoladanuvem - uri: /home/almir/escoladanuvem/pratica-02/calculadora_media_escolar.py
2025-05-20 21:15:33.462 [info] Discover tests for workspace name: escoladanuvem - uri: /home/almir/escoladanuvem/pratica-02/calculadora_consumo_combustivel.py
2025-05-20 21:15:35.763 [info] Discover tests for workspace name: escoladanuvem - uri: /home/almir/escoladanuvem/pratica-02/calculadora_consumo_combustivel.py
2025-05-20 21:15:35.908 [info] > /bin/python3 ~/.vscode-server/extensions/ms-python.python-2025.7.2025051507-linux-x64/python_files/normalizeSelection.py
2025-05-20 21:15:39.237 [info] Discover tests for workspace name: escoladanuvem - uri: /home/almir/escoladanuvem/pratica-02/calculadora_consumo_combustivel.py
2025-05-20 21:15:43.070 [info] Discover tests for workspace name: escoladanuvem - uri: /home/almir/escoladanuvem/pratica-02/calculadora_consumo_combustivel.py
2025-05-20 21:18:13.092 [info] Discover tests for workspace name: escoladanuvem - uri: /home/almir/escoladanuvem/pratica-02/calculadora_consumo_combustivel.py
2025-05-20 21:18:17.224 [info] Discover tests for workspace name: escoladanuvem - uri: /home/almir/escoladanuvem/pratica-02/calculadora_consumo_combustivel.py
2025-05-20 21:18:19.999 [info] Discover tests for workspace name: escoladanuvem - uri: /home/almir/escoladanuvem/pratica-02/calculadora_consumo_combustivel.py
2025-05-20 21:18:23.618 [info] Discover tests for workspace name: escoladanuvem - uri: /home/almir/escoladanuvem/pratica-02/calculadora_consumo_combustivel.py
2025-05-20 21:18:26.831 [info] Discover tests for workspace name: escoladanuvem - uri: /home/almir/escoladanuvem/pratica-02/calculadora_consumo_combustivel.py
2025-05-20 21:18:29.087 [info] Discover tests for workspace name: escoladanuvem - uri: /home/almir/escoladanuvem/pratica-02/calculadora_consumo_combustivel.py
2025-05-20 21:18:32.813 [info] Discover tests for workspace name: escoladanuvem - uri: /home/almir/escoladanuvem/pratica-02/calculadora_consumo_combustivel.py
2025-05-20 21:18:35.154 [info] Discover tests for workspace name: escoladanuvem - uri: /home/almir/escoladanuvem/pratica-02/calculadora_consumo_combustivel.py
2025-05-20 21:18:42.775 [info] Discover tests for workspace name: escoladanuvem - uri: /home/almir/escoladanuvem/pratica-02/calculadora_consumo_combustivel.py
2025-05-20 21:18:46.152 [info] Discover tests for workspace name: escoladanuvem - uri: /home/almir/escoladanuvem/pratica-02/calculadora_consumo_combustivel.py
2025-05-20 21:18:50.236 [info] Discover tests for workspace name: escoladanuvem - uri: /home/almir/escoladanuvem/pratica-02/calculadora_consumo_combustivel.py
2025-05-20 21:18:52.645 [info] Discover tests for workspace name: escoladanuvem - uri: /home/almir/escoladanuvem/pratica-02/calculadora_consumo_combustivel.py
2025-05-20 21:18:57.140 [info] Discover tests for workspace name: escoladanuvem - uri: /home/almir/escoladanuvem/pratica-02/calculadora_consumo_combustivel.py
2025-05-20 21:19:02.929 [info] Discover tests for workspace name: escoladanuvem - uri: /home/almir/escoladanuvem/pratica-02/calculadora_consumo_combustivel.py
2025-05-20 21:19:04.983 [info] Discover tests for workspace name: escoladanuvem - uri: /home/almir/escoladanuvem/pratica-02/calculadora_consumo_combustivel.py
2025-05-20 21:19:08.150 [info] Discover tests for workspace name: escoladanuvem - uri: /home/almir/escoladanuvem/pratica-02/calculadora_consumo_combustivel.py
2025-05-20 21:19:10.646 [info] Discover tests for workspace name: escoladanuvem - uri: /home/almir/escoladanuvem/pratica-02/calculadora_consumo_combustivel.py
2025-05-20 21:19:21.623 [info] Discover tests for workspace name: escoladanuvem - uri: /home/almir/escoladanuvem/pratica-02/calculadora_consumo_combustivel.py
2025-05-20 21:19:25.022 [info] Discover tests for workspace name: escoladanuvem - uri: /home/almir/escoladanuvem/pratica-02/calculadora_consumo_combustivel.py
2025-05-20 21:19:27.100 [info] Discover tests for workspace name: escoladanuvem - uri: /home/almir/escoladanuvem/pratica-02/calculadora_consumo_combustivel.py
2025-05-20 21:19:29.621 [info] Discover tests for workspace name: escoladanuvem - uri: /home/almir/escoladanuvem/pratica-02/calculadora_consumo_combustivel.py
2025-05-20 21:19:30.945 [info] Discover tests for workspace name: escoladanuvem - uri: /home/almir/escoladanuvem/pratica-02/calculadora_consumo_combustivel.py
2025-05-20 21:19:40.502 [info] Discover tests for workspace name: escoladanuvem - uri: /home/almir/escoladanuvem/pratica-02/calculadora_consumo_combustivel.py
2025-05-20 21:19:44.244 [info] Discover tests for workspace name: escoladanuvem - uri: /home/almir/escoladanuvem/pratica-02/calculadora_consumo_combustivel.py
2025-05-20 21:19:45.393 [info] Discover tests for workspace name: escoladanuvem - uri: /home/almir/escoladanuvem/pratica-02/calculadora_consumo_combustivel.py
2025-05-20 21:19:48.364 [info] Discover tests for workspace name: escoladanuvem - uri: /home/almir/escoladanuvem/pratica-02/calculadora_consumo_combustivel.py
2025-05-20 21:19:50.975 [info] Discover tests for workspace name: escoladanuvem - uri: /home/almir/escoladanuvem/pratica-02/calculadora_consumo_combustivel.py
2025-05-20 21:19:53.148 [info] Discover tests for workspace name: escoladanuvem - uri: /home/almir/escoladanuvem/pratica-02/calculadora_consumo_combustivel.py
2025-05-20 21:19:55.853 [info] Discover tests for workspace name: escoladanuvem - uri: /home/almir/escoladanuvem/pratica-02/calculadora_consumo_combustivel.py
2025-05-20 21:21:07.613 [info] Discover tests for workspace name: escoladanuvem - uri: /home/almir/escoladanuvem/pratica-02/calculadora_consumo_combustivel.py
2025-05-20 21:21:10.288 [info] Discover tests for workspace name: escoladanuvem - uri: /home/almir/escoladanuvem/pratica-02/calculadora_consumo_combustivel.py
2025-05-20 21:21:13.253 [info] Discover tests for workspace name: escoladanuvem - uri: /home/almir/escoladanuvem/pratica-02/calculadora_consumo_combustivel.py
2025-05-20 21:21:22.765 [info] Discover tests for workspace name: escoladanuvem - uri: /home/almir/escoladanuvem/pratica-02/calculadora_consumo_combustivel.py
2025-05-20 21:22:11.716 [info] Discover tests for workspace name: escoladanuvem - uri: /home/almir/escoladanuvem/pratica-02/calculadora_consumo_combustivel.py
2025-05-20 21:22:14.381 [info] Discover tests for workspace name: escoladanuvem - uri: /home/almir/escoladanuvem/pratica-02/calculadora_consumo_combustivel.py
2025-05-20 21:22:23.493 [info] Discover tests for workspace name: escoladanuvem - uri: /home/almir/escoladanuvem/pratica-02/calculadora_consumo_combustivel.py
2025-05-20 21:22:30.515 [info] Discover tests for workspace name: escoladanuvem - uri: /home/almir/escoladanuvem/pratica-02/calculadora_consumo_combustivel.py
2025-05-20 21:22:32.562 [info] Discover tests for workspace name: escoladanuvem - uri: /home/almir/escoladanuvem/pratica-02/calculadora_consumo_combustivel.py
2025-05-20 21:22:36.573 [info] Discover tests for workspace name: escoladanuvem - uri: /home/almir/escoladanuvem/pratica-02/calculadora_consumo_combustivel.py
2025-05-20 21:22:37.802 [info] Discover tests for workspace name: escoladanuvem - uri: /home/almir/escoladanuvem/pratica-02/calculadora_consumo_combustivel.py
2025-05-20 21:22:43.811 [info] Discover tests for workspace name: escoladanuvem - uri: /home/almir/escoladanuvem/pratica-02/calculadora_consumo_combustivel.py
2025-05-20 21:22:47.655 [info] Discover tests for workspace name: escoladanuvem - uri: /home/almir/escoladanuvem/pratica-02/calculadora_consumo_combustivel.py
2025-05-20 21:22:55.741 [info] Discover tests for workspace name: escoladanuvem - uri: /home/almir/escoladanuvem/pratica-02/calculadora_consumo_combustivel.py
2025-05-20 21:23:04.096 [info] Discover tests for workspace name: escoladanuvem - uri: /home/almir/escoladanuvem/pratica-02/calculadora_consumo_combustivel.py
2025-05-20 21:23:06.904 [info] Discover tests for workspace name: escoladanuvem - uri: /home/almir/escoladanuvem/pratica-02/calculadora_consumo_combustivel.py
2025-05-20 21:23:15.687 [info] Discover tests for workspace name: escoladanuvem - uri: /home/almir/escoladanuvem/pratica-02/calculadora_consumo_combustivel.py
2025-05-20 21:23:23.836 [info] Discover tests for workspace name: escoladanuvem - uri: /home/almir/escoladanuvem/pratica-02/calculadora_consumo_combustivel.py
2025-05-20 21:23:25.137 [info] Discover tests for workspace name: escoladanuvem - uri: /home/almir/escoladanuvem/pratica-02/calculadora_consumo_combustivel.py
2025-05-20 21:23:29.229 [info] Discover tests for workspace name: escoladanuvem - uri: /home/almir/escoladanuvem/pratica-02/calculadora_consumo_combustivel.py
2025-05-20 21:23:34.148 [info] Discover tests for workspace name: escoladanuvem - uri: /home/almir/escoladanuvem/pratica-02/calculadora_consumo_combustivel.py
2025-05-20 21:23:40.276 [info] Discover tests for workspace name: escoladanuvem - uri: /home/almir/escoladanuvem/pratica-02/calculadora_consumo_combustivel.py
2025-05-20 21:23:41.570 [info] Discover tests for workspace name: escoladanuvem - uri: /home/almir/escoladanuvem/pratica-02/calculadora_consumo_combustivel.py
2025-05-20 21:23:44.391 [info] Discover tests for workspace name: escoladanuvem - uri: /home/almir/escoladanuvem/pratica-02/calculadora_consumo_combustivel.py
2025-05-20 21:23:49.876 [info] Discover tests for workspace name: escoladanuvem - uri: /home/almir/escoladanuvem/pratica-02/calculadora_consumo_combustivel.py
2025-05-20 21:23:51.945 [info] Discover tests for workspace name: escoladanuvem - uri: /home/almir/escoladanuvem/pratica-02/calculadora_consumo_combustivel.py
2025-05-20 21:23:56.054 [info] Discover tests for workspace name: escoladanuvem - uri: /home/almir/escoladanuvem/pratica-02/calculadora_consumo_combustivel.py
2025-05-20 21:23:57.526 [info] Discover tests for workspace name: escoladanuvem - uri: /home/almir/escoladanuvem/pratica-02/calculadora_consumo_combustivel.py
2025-05-20 21:24:03.127 [info] Discover tests for workspace name: escoladanuvem - uri: /home/almir/escoladanuvem/pratica-02/calculadora_consumo_combustivel.py
2025-05-20 21:24:15.277 [info] Discover tests for workspace name: escoladanuvem - uri: /home/almir/escoladanuvem/pratica-02/calculadora_consumo_combustivel.py
2025-05-20 21:24:16.622 [info] Discover tests for workspace name: escoladanuvem - uri: /home/almir/escoladanuvem/pratica-02/calculadora_consumo_combustivel.py
2025-05-20 21:24:19.795 [info] Discover tests for workspace name: escoladanuvem - uri: /home/almir/escoladanuvem/pratica-02/calculadora_consumo_combustivel.py
2025-05-20 21:24:21.164 [info] Discover tests for workspace name: escoladanuvem - uri: /home/almir/escoladanuvem/pratica-02/calculadora_consumo_combustivel.py
2025-05-20 21:24:31.102 [info] Discover tests for workspace name: escoladanuvem - uri: /home/almir/escoladanuvem/pratica-02/calculadora_consumo_combustivel.py
2025-05-20 21:25:43.092 [info] Discover tests for workspace name: escoladanuvem - uri: /home/almir/escoladanuvem/pratica-02/calculadora_consumo_combustivel.py
2025-05-20 21:26:50.909 [info] Discover tests for workspace name: escoladanuvem - uri: /home/almir/escoladanuvem/pratica-02/calculadora_soma_dados.py
2025-05-20 21:26:52.055 [info] Discover tests for workspace name: escoladanuvem - uri: /home/almir/escoladanuvem/pratica-02/calculadora_soma_dados.py
2025-05-20 21:27:17.028 [info] Discover tests for workspace name: escoladanuvem - uri: /home/almir/escoladanuvem/pratica-02/calculadora_consumo_combustivel.py
2025-05-20 21:27:30.432 [info] Discover tests for workspace name: escoladanuvem - uri: /home/almir/escoladanuvem/pratica-02/calculadora_consumo_combustivel.py
2025-05-20 21:27:33.906 [info] Discover tests for workspace name: escoladanuvem - uri: /home/almir/escoladanuvem/pratica-02/calculadora_consumo_combustivel.py
2025-05-20 21:27:41.173 [info] Discover tests for workspace name: escoladanuvem - uri: /home/almir/escoladanuvem/pratica-02/calculadora_consumo_combustivel.py
2025-05-20 21:27:46.777 [info] Discover tests for workspace name: escoladanuvem - uri: /home/almir/escoladanuvem/pratica-02/calculadora_consumo_combustivel.py
2025-05-20 21:27:49.617 [info] Discover tests for workspace name: escoladanuvem - uri: /home/almir/escoladanuvem/pratica-02/calculadora_consumo_combustivel.py
2025-05-20 21:27:53.588 [info] Discover tests for workspace name: escoladanuvem - uri: /home/almir/escoladanuvem/pratica-02/calculadora_consumo_combustivel.py
2025-05-20 21:27:55.392 [info] Discover tests for workspace name: escoladanuvem - uri: /home/almir/escoladanuvem/pratica-02/calculadora_consumo_combustivel.py
2025-05-20 21:27:56.735 [info] Discover tests for workspace name: escoladanuvem - uri: /home/almir/escoladanuvem/pratica-02/calculadora_consumo_combustivel.py
2025-05-20 21:27:59.891 [info] Discover tests for workspace name: escoladanuvem - uri: /home/almir/escoladanuvem/pratica-02/calculadora_consumo_combustivel.py
2025-05-20 21:28:02.176 [info] Discover tests for workspace name: escoladanuvem - uri: /home/almir/escoladanuvem/pratica-02/calculadora_consumo_combustivel.py
2025-05-20 21:28:03.436 [info] Discover tests for workspace name: escoladanuvem - uri: /home/almir/escoladanuvem/pratica-02/calculadora_consumo_combustivel.py
2025-05-20 21:28:34.452 [info] Discover tests for workspace name: escoladanuvem - uri: /home/almir/escoladanuvem/pratica-02/calculadora_consumo_combustivel.py
2025-05-20 21:29:21.656 [info] Discover tests for workspace name: escoladanuvem - uri: /home/almir/escoladanuvem/pratica-02/calculadora_consumo_combustivel.py
2025-05-20 21:29:28.595 [info] Discover tests for workspace name: escoladanuvem - uri: /home/almir/escoladanuvem/pratica-02/calculadora_consumo_combustivel.py
2025-05-20 21:29:30.134 [info] Discover tests for workspace name: escoladanuvem - uri: /home/almir/escoladanuvem/pratica-02/calculadora_consumo_combustivel.py
2025-05-20 21:29:42.821 [info] Discover tests for workspace name: escoladanuvem - uri: /home/almir/escoladanuvem/pratica-02/calculadora_consumo_combustivel.py
2025-05-20 21:29:44.434 [info] Discover tests for workspace name: escoladanuvem - uri: /home/almir/escoladanuvem/pratica-02/calculadora_consumo_combustivel.py
2025-05-20 21:29:47.119 [info] Discover tests for workspace name: escoladanuvem - uri: /home/almir/escoladanuvem/pratica-02/calculadora_consumo_combustivel.py
2025-05-20 21:30:16.259 [info] Discover tests for workspace name: escoladanuvem - uri: /home/almir/escoladanuvem/pratica-02/calculadora_consumo_combustivel.py
2025-05-20 21:32:46.736 [info] Discover tests for workspace name: escoladanuvem - uri: /home/almir/escoladanuvem/pratica-02/calculadora_consumo_combustivel.py
2025-05-20 21:33:32.449 [info] Discover tests for workspace name: escoladanuvem - uri: /home/almir/escoladanuvem/pratica-02/calculadora_consumo_combustivel.py
2025-05-20 21:33:33.591 [info] Discover tests for workspace name: escoladanuvem - uri: /home/almir/escoladanuvem/pratica-02/calculadora_consumo_combustivel.py
2025-05-20 21:33:42.058 [info] Discover tests for workspace name: escoladanuvem - uri: /home/almir/escoladanuvem/pratica-02/calculadora_consumo_combustivel.py
2025-05-20 21:33:51.354 [info] Discover tests for workspace name: escoladanuvem - uri: /home/almir/escoladanuvem/pratica-02/calculadora_consumo_combustivel.py
2025-05-20 21:34:05.941 [info] Discover tests for workspace name: escoladanuvem - uri: /home/almir/escoladanuvem/pratica-02/calculadora_soma_dados.py
2025-05-20 21:34:07.400 [info] Discover tests for workspace name: escoladanuvem - uri: /home/almir/escoladanuvem/pratica-02/calculadora_soma_dados.py
2025-05-20 21:34:10.176 [info] Discover tests for workspace name: escoladanuvem - uri: /home/almir/escoladanuvem/pratica-02/calculadora_soma_dados.py
2025-05-20 21:34:13.428 [info] Discover tests for workspace name: escoladanuvem - uri: /home/almir/escoladanuvem/pratica-02/calculadora_soma_dados.py
2025-05-20 21:34:15.526 [info] Discover tests for workspace name: escoladanuvem - uri: /home/almir/escoladanuvem/pratica-02/calculadora_soma_dados.py
2025-05-20 21:34:19.211 [info] Discover tests for workspace name: escoladanuvem - uri: /home/almir/escoladanuvem/pratica-02/calculadora_soma_dados.py
2025-05-20 21:34:21.335 [info] Discover tests for workspace name: escoladanuvem - uri: /home/almir/escoladanuvem/pratica-02/calculadora_soma_dados.py
2025-05-20 21:34:27.510 [info] Discover tests for workspace name: escoladanuvem - uri: /home/almir/escoladanuvem/pratica-02/calculadora_soma_dados.py
2025-05-20 21:34:33.558 [info] Discover tests for workspace name: escoladanuvem - uri: /home/almir/escoladanuvem/pratica-02/calculadora_soma_dados.py
2025-05-20 21:34:35.258 [info] Discover tests for workspace name: escoladanuvem - uri: /home/almir/escoladanuvem/pratica-02/calculadora_soma_dados.py
2025-05-20 21:34:36.595 [info] Discover tests for workspace name: escoladanuvem - uri: /home/almir/escoladanuvem/pratica-02/calculadora_soma_dados.py
2025-05-20 21:34:38.990 [info] Discover tests for workspace name: escoladanuvem - uri: /home/almir/escoladanuvem/pratica-02/calculadora_soma_dados.py
2025-05-20 21:34:42.101 [info] Discover tests for workspace name: escoladanuvem - uri: /home/almir/escoladanuvem/pratica-02/calculadora_soma_dados.py
2025-05-20 21:34:43.561 [info] Discover tests for workspace name: escoladanuvem - uri: /home/almir/escoladanuvem/pratica-02/calculadora_soma_dados.py
2025-05-20 21:34:48.026 [info] Discover tests for workspace name: escoladanuvem - uri: /home/almir/escoladanuvem/pratica-02/calculadora_soma_dados.py
2025-05-20 21:34:49.966 [info] Discover tests for workspace name: escoladanuvem - uri: /home/almir/escoladanuvem/pratica-02/calculadora_soma_dados.py
2025-05-20 21:34:53.144 [info] Discover tests for workspace name: escoladanuvem - uri: /home/almir/escoladanuvem/pratica-02/calculadora_soma_dados.py
2025-05-20 21:34:59.503 [info] Discover tests for workspace name: escoladanuvem - uri: /home/almir/escoladanuvem/pratica-02/calculadora_soma_dados.py
2025-05-20 21:35:03.425 [info] Discover tests for workspace name: escoladanuvem - uri: /home/almir/escoladanuvem/pratica-02/calculadora_soma_dados.py
2025-05-20 21:35:07.161 [info] Discover tests for workspace name: escoladanuvem - uri: /home/almir/escoladanuvem/pratica-02/calculadora_soma_dados.py
2025-05-20 21:35:10.985 [info] Discover tests for workspace name: escoladanuvem - uri: /home/almir/escoladanuvem/pratica-02/calculadora_soma_dados.py
2025-05-20 21:35:15.326 [info] Discover tests for workspace name: escoladanuvem - uri: /home/almir/escoladanuvem/pratica-02/calculadora_soma_dados.py
2025-05-20 21:35:24.165 [info] Discover tests for workspace name: escoladanuvem - uri: /home/almir/escoladanuvem/pratica-02/calculadora_soma_dados.py
2025-05-20 21:35:26.900 [info] Discover tests for workspace name: escoladanuvem - uri: /home/almir/escoladanuvem/pratica-02/calculadora_soma_dados.py
2025-05-20 21:35:30.346 [info] Discover tests for workspace name: escoladanuvem - uri: /home/almir/escoladanuvem/pratica-02/calculadora_soma_dados.py
2025-05-20 21:35:33.768 [info] Discover tests for workspace name: escoladanuvem - uri: /home/almir/escoladanuvem/pratica-02/calculadora_soma_dados.py
2025-05-20 21:35:36.814 [info] Discover tests for workspace name: escoladanuvem - uri: /home/almir/escoladanuvem/pratica-02/calculadora_soma_dados.py
2025-05-20 21:35:40.054 [info] Discover tests for workspace name: escoladanuvem - uri: /home/almir/escoladanuvem/pratica-02/calculadora_soma_dados.py
2025-05-20 21:35:47.921 [info] Discover tests for workspace name: escoladanuvem - uri: /home/almir/escoladanuvem/pratica-02/calculadora_soma_dados.py
2025-05-20 21:36:18.638 [info] Discover tests for workspace name: escoladanuvem - uri: /home/almir/escoladanuvem/pratica-02/calculadora_soma_dados.py
2025-05-20 21:36:24.393 [info] Discover tests for workspace name: escoladanuvem - uri: /home/almir/escoladanuvem/pratica-02/calculadora_soma_dados.py
2025-05-20 21:36:30.695 [info] Discover tests for workspace name: escoladanuvem - uri: /home/almir/escoladanuvem/pratica-02/calculadora_soma_dados.py
2025-05-20 21:36:36.710 [info] Discover tests for workspace name: escoladanuvem - uri: /home/almir/escoladanuvem/pratica-02/calculadora_soma_dados.py
2025-05-20 21:36:51.424 [info] Discover tests for workspace name: escoladanuvem - uri: /home/almir/escoladanuvem/pratica-02/calculadora_soma_dados.py
2025-05-20 21:40:16.561 [info] Discover tests for workspace name: escoladanuvem - uri: /home/almir/escoladanuvem/pratica-02/calculadora_salario.py
2025-05-20 21:40:18.068 [info] Discover tests for workspace name: escoladanuvem - uri: /home/almir/escoladanuvem/pratica-02/calculadora_salario.py
2025-05-20 21:40:33.712 [info] Discover tests for workspace name: escoladanuvem - uri: /home/almir/escoladanuvem/pratica-02/calculadora_media_escolar.py
2025-05-20 21:42:18.635 [info] Discover tests for workspace name: escoladanuvem - uri: /home/almir/escoladanuvem/pratica-02/calculadora_media_escolar.py
2025-05-20 21:42:58.586 [info] Discover tests for workspace name: escoladanuvem - uri: /home/almir/escoladanuvem/pratica-02/calculadora_media_escolar.py
2025-05-20 21:43:00.107 [info] Discover tests for workspace name: escoladanuvem - uri: /home/almir/escoladanuvem/pratica-02/calculadora_media_escolar.py
2025-05-20 21:43:03.497 [info] Discover tests for workspace name: escoladanuvem - uri: /home/almir/escoladanuvem/pratica-02/calculadora_media_escolar.py
2025-05-20 21:47:24.994 [info] Discover tests for workspace name: escoladanuvem - uri: /home/almir/escoladanuvem/pratica-02/calculadora_media_escolar.py
2025-05-20 21:47:41.583 [info] Discover tests for workspace name: escoladanuvem - uri: /home/almir/escoladanuvem/pratica-02/calculadora_media_escolar.py
2025-05-20 21:47:45.882 [info] Discover tests for workspace name: escoladanuvem - uri: /home/almir/escoladanuvem/pratica-02/calculadora_media_escolar.py
2025-05-20 21:47:57.859 [info] Discover tests for workspace name: escoladanuvem - uri: /home/almir/escoladanuvem/pratica-02/calculadora_media_escolar.py
2025-05-20 21:48:17.347 [info] Discover tests for workspace name: escoladanuvem - uri: /home/almir/escoladanuvem/pratica-02/calculadora_media_escolar.py
2025-05-20 21:48:29.796 [info] Discover tests for workspace name: escoladanuvem - uri: /home/almir/escoladanuvem/pratica-02/calculadora_media_escolar.py
2025-05-20 21:48:34.306 [info] Discover tests for workspace name: escoladanuvem - uri: /home/almir/escoladanuvem/pratica-02/calculadora_media_escolar.py
2025-05-20 21:48:36.314 [info] Discover tests for workspace name: escoladanuvem - uri: /home/almir/escoladanuvem/pratica-02/calculadora_media_escolar.py
2025-05-20 21:48:38.839 [info] Discover tests for workspace name: escoladanuvem - uri: /home/almir/escoladanuvem/pratica-02/calculadora_media_escolar.py
2025-05-20 21:48:46.153 [info] Discover tests for workspace name: escoladanuvem - uri: /home/almir/escoladanuvem/pratica-02/calculadora_media_escolar.py
2025-05-20 21:48:48.749 [info] Discover tests for workspace name: escoladanuvem - uri: /home/almir/escoladanuvem/pratica-02/calculadora_media_escolar.py
2025-05-20 21:48:50.208 [info] Discover tests for workspace name: escoladanuvem - uri: /home/almir/escoladanuvem/pratica-02/calculadora_media_escolar.py
2025-05-20 21:53:53.877 [info] Discover tests for workspace name: escoladanuvem - uri: /home/almir/escoladanuvem/pratica-02/calculadora_salario.py
2025-05-20 21:53:54.953 [info] Discover tests for workspace name: escoladanuvem - uri: /home/almir/escoladanuvem/pratica-02/calculadora_salario.py
2025-05-20 22:00:05.166 [info] Discover tests for workspace name: escoladanuvem - uri: /home/almir/escoladanuvem/pratica-02/calculadora_media_escolar.py
2025-05-20 22:00:08.771 [info] Discover tests for workspace name: escoladanuvem - uri: /home/almir/escoladanuvem/pratica-02/calculadora_media_escolar.py
2025-05-20 22:00:12.533 [info] Discover tests for workspace name: escoladanuvem - uri: /home/almir/escoladanuvem/pratica-02/calculadora_media_escolar.py
2025-05-20 22:00:36.209 [info] Discover tests for workspace name: escoladanuvem - uri: /home/almir/escoladanuvem/pratica-02/calculadora_media_escolar.py
