2025-05-21 20:21:07.281 [info] (Client) Pylance async client (2025.5.100) started with python extension (2025.7.2025052003)
2025-05-21 20:21:08.484 [info] [Info  - 8:21:08 PM] (831) Server root directory: file:///home/almir/.vscode-server/extensions/ms-python.vscode-pylance-2025.5.100/dist
2025-05-21 20:21:08.484 [info] [Info  - 8:21:08 PM] (831) Pylance language server 2025.5.100 (pyright version 1.1.400, commit b962ffc2) starting
2025-05-21 20:21:08.484 [info] [Info  - 8:21:08 PM] (831) Starting service instance "almir" for workspace "/home/almir"
2025-05-21 20:21:08.571 [info] [Info  - 8:21:08 PM] (831) Setting environmentName for service "almir": "3.12.3 (global)"
2025-05-21 20:21:08.571 [info] [Info  - 8:21:08 PM] (831) Setting pythonPath for service "almir": "/bin/python3"
2025-05-21 20:21:08.572 [info] [Info  - 8:21:08 PM] (831) No include entries specified; assuming /home/almir
2025-05-21 20:21:08.572 [info] [Info  - 8:21:08 PM] (831) Auto-excluding **/node_modules
2025-05-21 20:21:08.574 [info] [Info  - 8:21:08 PM] (831) Auto-excluding **/__pycache__
2025-05-21 20:21:08.574 [info] [Info  - 8:21:08 PM] (831) Auto-excluding **/.*
2025-05-21 20:21:08.603 [info] [Info  - 8:21:08 PM] (831) Assuming Python version 3.12.3.final.0
2025-05-21 20:21:08.755 [info] [Info  - 8:21:08 PM] (831) Found 11 source files
2025-05-21 20:21:08.856 [info] [Info  - 8:21:08 PM] (831) Setting environmentName for service "almir": "3.12.3 (global)"
2025-05-21 20:21:08.857 [info] [Info  - 8:21:08 PM] (831) Setting pythonPath for service "almir": "/bin/python3"
2025-05-21 20:21:08.857 [info] [Info  - 8:21:08 PM] (831) No include entries specified; assuming /home/almir
2025-05-21 20:21:08.857 [info] [Info  - 8:21:08 PM] (831) Auto-excluding **/node_modules
2025-05-21 20:21:08.857 [info] [Info  - 8:21:08 PM] (831) Auto-excluding **/__pycache__
2025-05-21 20:21:08.857 [info] [Info  - 8:21:08 PM] (831) Auto-excluding **/.*
2025-05-21 20:21:08.911 [info] [Info  - 8:21:08 PM] (831) Assuming Python version 3.12.3.final.0
2025-05-21 20:21:09.025 [info] [Info  - 8:21:09 PM] (831) Found 11 source files
2025-05-21 20:21:09.817 [info] [Info  - 8:21:09 PM] (831) BG: Priority queue background worker(2) root directory: file:///home/almir/.vscode-server/extensions/ms-python.vscode-pylance-2025.5.100/dist
2025-05-21 20:21:09.817 [info] [Info  - 8:21:09 PM] (831) BG: Priority queue background worker(2) started
2025-05-21 20:21:10.210 [info] [Info  - 8:21:10 PM] (831) BG: Indexer background runner(3) root directory: file:///home/almir/.vscode-server/extensions/ms-python.vscode-pylance-2025.5.100/dist (index)
2025-05-21 20:21:10.210 [info] [Info  - 8:21:10 PM] (831) BG: Indexing(3) started
2025-05-21 20:21:11.011 [info] [Info  - 8:21:11 PM] (831) BG: scanned(3) 72 files over 1 exec env
2025-05-21 20:21:12.604 [info] [Info  - 8:21:12 PM] (831) BG: indexed(3) 72 files over 1 exec env
2025-05-21 20:21:12.667 [info] [Info  - 8:21:12 PM] (831) BG: Indexing finished(3).
